<?xml version="1.0" encoding="UTF-8"?>
<testng-results skipped="0" failed="1" ignored="0" total="4" passed="3">
  <reporter-output>
  </reporter-output>
  <suite name="Suite" duration-ms="3074" started-at="2024-06-27T10:13:55 IST" finished-at="2024-06-27T10:13:58 IST">
    <groups>
    </groups>
    <test name="Test" duration-ms="3074" started-at="2024-06-27T10:13:55 IST" finished-at="2024-06-27T10:13:58 IST">
      <class name="Testng.JenkinsBuild.MainClass">
        <test-method status="PASS" signature="oneMethod()[pri:1, instance:Testng.JenkinsBuild.MainClass@6737fd8f]" name="oneMethod" duration-ms="7" started-at="2024-06-27T10:13:55 IST" finished-at="2024-06-27T10:13:55 IST">
          <reporter-output>
          </reporter-output>
        </test-method> <!-- oneMethod -->
        <test-method status="FAIL" signature="twoMethod()[pri:2, instance:Testng.JenkinsBuild.MainClass@6737fd8f]" name="twoMethod" duration-ms="3016" started-at="2024-06-27T10:13:55 IST" finished-at="2024-06-27T10:13:58 IST">
          <exception class="org.testng.internal.thread.ThreadTimeoutException">
            <message>
              <![CDATA[Method Testng.JenkinsBuild.MainClass.twoMethod() didn't finish within the time-out 3000]]>
            </message>
            <full-stacktrace>
              <![CDATA[org.testng.internal.thread.ThreadTimeoutException: Method Testng.JenkinsBuild.MainClass.twoMethod() didn't finish within the time-out 3000
at org.testng.internal.MethodInvocationHelper.invokeWithTimeoutWithNewExecutor(MethodInvocationHelper.java:384)
at org.testng.internal.MethodInvocationHelper.invokeWithTimeout(MethodInvocationHelper.java:283)
at org.testng.internal.TestInvoker.invokeMethod(TestInvoker.java:604)
at org.testng.internal.TestInvoker.invokeTestMethod(TestInvoker.java:173)
at org.testng.internal.MethodRunner.runInSequence(MethodRunner.java:46)
at org.testng.internal.TestInvoker$MethodInvocationAgent.invoke(TestInvoker.java:824)
at org.testng.internal.TestInvoker.invokeTestMethods(TestInvoker.java:146)
at org.testng.internal.TestMethodWorker.invokeTestMethods(TestMethodWorker.java:146)
at org.testng.internal.TestMethodWorker.run(TestMethodWorker.java:128)
at java.util.ArrayList.forEach(ArrayList.java:1257)
at org.testng.TestRunner.privateRun(TestRunner.java:794)
at org.testng.TestRunner.run(TestRunner.java:596)
at org.testng.SuiteRunner.runTest(SuiteRunner.java:377)
at org.testng.SuiteRunner.runSequentially(SuiteRunner.java:371)
at org.testng.SuiteRunner.privateRun(SuiteRunner.java:332)
at org.testng.SuiteRunner.run(SuiteRunner.java:276)
at org.testng.SuiteRunnerWorker.runSuite(SuiteRunnerWorker.java:53)
at org.testng.SuiteRunnerWorker.run(SuiteRunnerWorker.java:96)
at org.testng.TestNG.runSuitesSequentially(TestNG.java:1212)
at org.testng.TestNG.runSuitesLocally(TestNG.java:1134)
at org.testng.TestNG.runSuites(TestNG.java:1063)
at org.testng.TestNG.run(TestNG.java:1031)
at org.testng.remote.AbstractRemoteTestNG.run(AbstractRemoteTestNG.java:115)
at org.testng.remote.RemoteTestNG.initAndRun(RemoteTestNG.java:251)
at org.testng.remote.RemoteTestNG.main(RemoteTestNG.java:77)
]]>
            </full-stacktrace>
          </exception> <!-- org.testng.internal.thread.ThreadTimeoutException -->
          <reporter-output>
          </reporter-output>
        </test-method> <!-- twoMethod -->
        <test-method status="PASS" signature="threeMethod()[pri:3, instance:Testng.JenkinsBuild.MainClass@6737fd8f]" name="threeMethod" duration-ms="3" started-at="2024-06-27T10:13:58 IST" finished-at="2024-06-27T10:13:58 IST">
          <reporter-output>
          </reporter-output>
        </test-method> <!-- threeMethod -->
        <test-method status="PASS" signature="singInMethod()[pri:4, instance:Testng.JenkinsBuild.MainClass@6737fd8f]" name="singInMethod" duration-ms="1" started-at="2024-06-27T10:13:58 IST" finished-at="2024-06-27T10:13:58 IST">
          <reporter-output>
          </reporter-output>
        </test-method> <!-- singInMethod -->
      </class> <!-- Testng.JenkinsBuild.MainClass -->
    </test> <!-- Test -->
  </suite> <!-- Suite -->
</testng-results>
