<?xml version="1.0" encoding="UTF-8"?>
<testng-results ignored="0" total="4" passed="4" failed="0" skipped="0">
  <reporter-output>
  </reporter-output>
  <suite started-at="2024-06-27T19:00:24 IST" name="Default suite" finished-at="2024-06-27T19:00:30 IST" duration-ms="5604">
    <groups>
    </groups>
    <test started-at="2024-06-27T19:00:24 IST" name="Default test" finished-at="2024-06-27T19:00:30 IST" duration-ms="5604">
      <class name="Testng.JenkinsBuild.LoginTest">
        <test-method signature="oneMethod()[pri:1, instance:Testng.JenkinsBuild.LoginTest@4ac3c60d]" started-at="2024-06-27T19:00:24 IST" name="oneMethod" finished-at="2024-06-27T19:00:27 IST" duration-ms="2569" status="PASS">
          <reporter-output>
          </reporter-output>
        </test-method> <!-- oneMethod -->
        <test-method signature="testTwoMethod()[pri:2, instance:Testng.JenkinsBuild.LoginTest@4ac3c60d]" started-at="2024-06-27T19:00:27 IST" name="testTwoMethod" finished-at="2024-06-27T19:00:30 IST" duration-ms="2878" status="PASS">
          <reporter-output>
          </reporter-output>
        </test-method> <!-- testTwoMethod -->
        <test-method signature="threeMethod()[pri:3, instance:Testng.JenkinsBuild.LoginTest@4ac3c60d]" started-at="2024-06-27T19:00:30 IST" name="threeMethod" finished-at="2024-06-27T19:00:30 IST" duration-ms="1" status="PASS">
          <reporter-output>
          </reporter-output>
        </test-method> <!-- threeMethod -->
        <test-method signature="singInMethod()[pri:4, instance:Testng.JenkinsBuild.LoginTest@4ac3c60d]" started-at="2024-06-27T19:00:30 IST" name="singInMethod" finished-at="2024-06-27T19:00:30 IST" duration-ms="2" status="PASS">
          <reporter-output>
          </reporter-output>
        </test-method> <!-- singInMethod -->
        <test-method is-config="true" signature="closeBrowser()[pri:0, instance:Testng.JenkinsBuild.LoginTest@4ac3c60d]" started-at="2024-06-27T19:00:30 IST" name="closeBrowser" finished-at="2024-06-27T19:00:30 IST" duration-ms="180" status="PASS">
          <reporter-output>
          </reporter-output>
        </test-method> <!-- closeBrowser -->
      </class> <!-- Testng.JenkinsBuild.LoginTest -->
    </test> <!-- Default test -->
  </suite> <!-- Default suite -->
</testng-results>
