<?xml version="1.0" encoding="UTF-8"?>
<!-- Generated by org.testng.reporters.JUnitXMLReporter -->
<testsuite hostname="DESKTOP-C9T77KP" ignored="0" name="Test" tests="4" failures="0" timestamp="2024-06-25T12:47:00 IST" time="0.107" errors="0">
  <testcase name="oneMethod" time="0.013" classname="Testng.JenkinsBuild.MainClass"/>
  <testcase name="twoMethod" time="0.004" classname="Testng.JenkinsBuild.MainClass"/>
  <testcase name="threeMethod" time="0.002" classname="Testng.JenkinsBuild.MainClass"/>
  <testcase name="singInMethod" time="0.003" classname="Testng.JenkinsBuild.MainClass"/>
</testsuite> <!-- Test -->
