<?xml version="1.0" encoding="UTF-8"?>
<!-- Generated by org.testng.reporters.JUnitXMLReporter -->
<testsuite hostname="DESKTOP-C9T77KP" ignored="0" name="Test" tests="4" failures="1" timestamp="2024-06-27T10:13:58 IST" time="3.074" errors="0">
  <testcase name="oneMethod" time="0.007" classname="Testng.JenkinsBuild.MainClass"/>
  <testcase name="twoMethod" time="3.016" classname="Testng.JenkinsBuild.MainClass">
    <failure type="org.testng.internal.thread.ThreadTimeoutException" message="Method Testng.JenkinsBuild.MainClass.twoMethod() didn&amp;apos;t finish within the time-out 3000">
      <![CDATA[org.testng.internal.thread.ThreadTimeoutException: Method Testng.JenkinsBuild.MainClass.twoMethod() didn't finish within the time-out 3000
at java.util.ArrayList.forEach(ArrayList.java:1257)
... Removed 24 stack frames]]>
    </failure>
  </testcase> <!-- twoMethod -->
  <testcase name="threeMethod" time="0.003" classname="Testng.JenkinsBuild.MainClass"/>
  <testcase name="singInMethod" time="0.001" classname="Testng.JenkinsBuild.MainClass"/>
</testsuite> <!-- Test -->
